<?xml version="1.0" encoding="UTF-8"?>
<!-- Generated by org.testng.reporters.JUnitReportReporter -->
<testsuite hostname="naveen-T470" failures="0" tests="3" name="AnswerDigital.Maven1.Testcase" time="26.115" errors="0" timestamp="2021-05-19T15:51:32 BST" skipped="0">
  <testcase classname="AnswerDigital.Maven1.Testcase" name="Scenerio1" time="11.326"/>
  <system-out/>
  <testcase classname="AnswerDigital.Maven1.Testcase" name="Scenerio2" time="6.910"/>
  <system-out/>
  <testcase classname="AnswerDigital.Maven1.Testcase" name="Scenerio3" time="7.879"/>
  <system-out/>
</testsuite> <!-- AnswerDigital.Maven1.Testcase -->
